
Downloading Image https://images.pexels.com/photos/39284/macbook-apple-imac-computer-39284.jpeg?w=1280
Downloading Image as - macbook-apple-imac-computer-39284.jpeg
Downloaded Image attachment id: 662
Downloading Image https://images.pexels.com/photos/39284/macbook-apple-imac-computer-39284.jpeg?w=1280
Downloaded Image attachment id: 662
Downloading Image https://images.pexels.com/photos/1181263/pexels-photo-1181263.jpeg?w=1280
Downloading Image as - pexels-photo-1181263.jpeg
Downloading Image https://images.pexels.com/photos/1181263/pexels-photo-1181263.jpeg?w=1280
Downloading Image as - pexels-photo-1181263.jpeg
Downloaded Image attachment id: 663
Downloaded Image attachment id: 664
Downloading Image https://images.pexels.com/photos/1779487/pexels-photo-1779487.jpeg?w=1280
Downloading Image as - pexels-photo-1779487.jpeg
Downloading Image https://images.pexels.com/photos/1779487/pexels-photo-1779487.jpeg?w=1280
Downloading Image as - pexels-photo-1779487.jpeg
Downloaded Image attachment id: 665
Downloaded Image attachment id: 666
Downloading Image https://images.pexels.com/photos/1029757/pexels-photo-1029757.jpeg?w=1280
Downloading Image as - pexels-photo-1029757.jpeg
Downloading Image https://images.pexels.com/photos/1029757/pexels-photo-1029757.jpeg?w=1280
Downloading Image as - pexels-photo-1029757.jpeg
Downloaded Image attachment id: 667
Downloaded Image attachment id: 668
Downloading Image https://images.pexels.com/photos/2102416/pexels-photo-2102416.jpeg?w=700
Downloading Image as - pexels-photo-2102416.jpeg
Downloading Image https://images.pexels.com/photos/2102416/pexels-photo-2102416.jpeg?w=700
Downloading Image as - pexels-photo-2102416.jpeg
Downloaded Image attachment id: 669
Downloaded Image attachment id: 670
Downloading Image https://images.pexels.com/photos/7034717/pexels-photo-7034717.jpeg?w=700
Downloading Image as - pexels-photo-7034717.jpeg
Downloading Image https://images.pexels.com/photos/7034717/pexels-photo-7034717.jpeg?w=700
Downloading Image as - pexels-photo-7034717.jpeg
Downloaded Image attachment id: 671
Downloaded Image attachment id: 672